

*******************************************************************************
Sat Nov 11 19:25:03 2023


FIT:    data read from datafile using 16:11
        format = x:z
        #datapoints = 3096
        residuals are weighted equally (unit weight)

function used for fitting: f(x)
fitted parameters initialized with current variable values



 Iteration 0
 WSSR        : 5.41253e+07       delta(WSSR)/WSSR   : 0
 delta(WSSR) : 0                 limit for stopping : 1e-05
 lambda	  : 2.55452

initial set of free parameter values

a               = 1
b               = 1

After 2 iterations the fit converged.
final sum of squares of residuals : 3.34801e+07
rel. change during last iteration : -2.85247e-07

degrees of freedom    (FIT_NDF)                        : 3094
rms of residuals      (FIT_STDFIT) = sqrt(WSSR/ndf)    : 104.024
variance of residuals (reduced chisquare) = WSSR/ndf   : 10821

Final set of parameters            Asymptotic Standard Error
=======================            ==========================

a               = 25.3822          +/- 1.428        (5.625%)
b               = -2.23007         +/- 4.956        (222.2%)


correlation matrix of the fit parameters:

               a      b      
a               1.000 
b              -0.926  1.000 
